<?xml version="1.0" encoding="UTF-8"?>
<testng-results ignored="0" total="1" passed="1" failed="0" skipped="0">
  <reporter-output>
  </reporter-output>
  <suite started-at="2022-07-04T10:28:39 IST" name="Suite1" finished-at="2022-07-04T10:28:45 IST" duration-ms="6111">
    <groups>
    </groups>
    <test started-at="2022-07-04T10:28:39 IST" name="Login test" finished-at="2022-07-04T10:28:45 IST" duration-ms="6111">
      <class name="Testng_D.Tests.loginPage">
        <test-method is-config="true" signature="setup()[pri:0, instance:Testng_D.Tests.loginPage@79b06cab]" started-at="2022-07-04T10:28:36 IST" name="setup" finished-at="2022-07-04T10:28:39 IST" duration-ms="3498" status="PASS">
          <reporter-output>
          </reporter-output>
        </test-method> <!-- setup -->
        <test-method signature="Login_f(java.lang.String,java.lang.String)[pri:0, instance:Testng_D.Tests.loginPage@79b06cab]" started-at="2022-07-04T10:28:40 IST" name="Login_f" data-provider="getCredentials" finished-at="2022-07-04T10:28:45 IST" duration-ms="5264" status="PASS">
          <params>
            <param index="0">
              <value>
                <![CDATA[admin@yourstore.com]]>
              </value>
            </param>
            <param index="1">
              <value>
                <![CDATA[admin]]>
              </value>
            </param>
          </params>
          <reporter-output>
          </reporter-output>
        </test-method> <!-- Login_f -->
        <test-method is-config="true" signature="TearDown()[pri:0, instance:Testng_D.Tests.loginPage@79b06cab]" started-at="2022-07-04T10:28:45 IST" name="TearDown" finished-at="2022-07-04T10:28:49 IST" duration-ms="3340" status="PASS">
          <reporter-output>
          </reporter-output>
        </test-method> <!-- TearDown -->
      </class> <!-- Testng_D.Tests.loginPage -->
    </test> <!-- Login test -->
  </suite> <!-- Suite1 -->
</testng-results>
